#
# There is insufficient memory for the Java Runtime Environment to continue.
# Native memory allocation (malloc) failed to allocate 1048576 bytes. Error detail: AllocateHeap
# Possible reasons:
#   The system is out of physical RAM or swap space
#   This process is running with CompressedOops enabled, and the Java Heap may be blocking the growth of the native heap
# Possible solutions:
#   Reduce memory load on the system
#   Increase physical memory or swap space
#   Check if swap backing store is full
#   Decrease Java heap size (-Xmx/-Xms)
#   Decrease number of Java threads
#   Decrease Java thread stack sizes (-Xss)
#   Set larger code cache with -XX:ReservedCodeCacheSize=
#   JVM is running with Unscaled Compressed Oops mode in which the Java heap is
#     placed in the first 4GB address space. The Java Heap base address is the
#     maximum limit for the native heap growth. Please use -XX:HeapBaseMinAddress
#     to set the Java Heap base and to place the Java Heap above 4GB virtual address.
# This output file may be truncated or incomplete.
#
#  Out of Memory Error (allocation.cpp:44), pid=5444, tid=15668
#
# JRE version:  (17.0.11+9) (build )
# Java VM: OpenJDK 64-Bit Server VM (17.0.11+9, mixed mode, tiered, compressed oops, compressed class ptrs, parallel gc, windows-amd64)
# No core dump will be written. Minidumps are not enabled by default on client versions of Windows
#

---------------  S U M M A R Y ------------

Command Line: --add-modules=ALL-SYSTEM --add-opens=java.base/java.util=ALL-UNNAMED --add-opens=java.base/java.lang=ALL-UNNAMED --add-opens=java.base/sun.nio.fs=ALL-UNNAMED -Declipse.application=org.eclipse.jdt.ls.core.id1 -Dosgi.bundles.defaultStartLevel=4 -Declipse.product=org.eclipse.jdt.ls.core.product -Djava.import.generatesMetadataFilesAtProjectRoot=false -DDetectVMInstallationsJob.disabled=true -Dfile.encoding=utf8 -XX:+UseParallelGC -XX:GCTimeRatio=4 -XX:AdaptiveSizePolicyWeight=90 -Dsun.zip.disableMemoryMapping=true -Xmx1G -Xms100m -Xlog:disable -javaagent:c:\Users\suraj\.vscode\extensions\redhat.java-1.33.0-win32-x64\lombok\lombok-1.18.33.jar -XX:+HeapDumpOnOutOfMemoryError -XX:HeapDumpPath=c:\Users\suraj\AppData\Roaming\Code\User\workspaceStorage\916816767e17e6cb089e54ae6aeb80bb\redhat.java -Daether.dependencyCollector.impl=bf c:\Users\suraj\.vscode\extensions\redhat.java-1.33.0-win32-x64\server\plugins\org.eclipse.equinox.launcher_1.6.900.v20240613-2009.jar -configuration c:\Users\suraj\AppData\Roaming\Code\User\globalStorage\redhat.java\1.33.0\config_win -data c:\Users\suraj\AppData\Roaming\Code\User\workspaceStorage\916816767e17e6cb089e54ae6aeb80bb\redhat.java\jdt_ws --pipe=\\.\pipe\lsp-0b9845e819aa2e969327c625916e1c96-sock

Host: 11th Gen Intel(R) Core(TM) i3-1115G4 @ 3.00GHz, 4 cores, 7G,  Windows 11 , 64 bit Build 22621 (10.0.22621.2841)
Time: Tue Aug  6 21:21:57 2024 India Standard Time elapsed time: 0.030045 seconds (0d 0h 0m 0s)

---------------  T H R E A D  ---------------

Current thread (0x00000157167d0440):  JavaThread "Unknown thread" [_thread_in_vm, id=15668, stack(0x00000028e7f00000,0x00000028e8000000)]

Stack: [0x00000028e7f00000,0x00000028e8000000]
Native frames: (J=compiled Java code, j=interpreted, Vv=VM code, C=native code)
V  [jvm.dll+0x67d429]
V  [jvm.dll+0x834b7a]
V  [jvm.dll+0x83663e]
V  [jvm.dll+0x836ca3]
V  [jvm.dll+0x247dbf]
V  [jvm.dll+0xa6cb3]
V  [jvm.dll+0x6aff5a]
V  [jvm.dll+0x6b0c4f]
V  [jvm.dll+0x689b53]
V  [jvm.dll+0x806c4b]
V  [jvm.dll+0x36c5e4]
V  [jvm.dll+0x7e4f56]
V  [jvm.dll+0x3efdcf]
V  [jvm.dll+0x3f1921]
C  [jli.dll+0x528f]
C  [ucrtbase.dll+0x29363]
C  [KERNEL32.DLL+0x1257d]
C  [ntdll.dll+0x5aa58]


---------------  P R O C E S S  ---------------

Threads class SMR info:
_java_thread_list=0x00007ff9667beed8, length=0, elements={
}

Java Threads: ( => current thread )

Other Threads:
  0x00000157167e77d0 GCTaskThread "GC Thread#0" [stack: 0x00000028e8000000,0x00000028e8100000] [id=9660]

=>0x00000157167d0440 (exited) JavaThread "Unknown thread" [_thread_in_vm, id=15668, stack(0x00000028e7f00000,0x00000028e8000000)]

Threads with active compile tasks:

VM state: not at safepoint (normal execution)

VM Mutex/Monitor currently owned by a thread: None

Heap address: 0x00000000c0000000, size: 1024 MB, Compressed Oops mode: 32-bit

CDS archive(s) not mapped
Compressed class space mapped at: 0x0000000100000000-0x0000000140000000, reserved size: 1073741824
Narrow klass base: 0x0000000000000000, Narrow klass shift: 3, Narrow klass range: 0x140000000

GC Precious Log:
 CPUs: 4 total, 4 available
 Memory: 7975M
 Large Page Support: Disabled
 NUMA Support: Disabled
 Compressed Oops: Enabled (32-bit)
 Alignments: Space 512K, Generation 512K, Heap 2M
 Heap Min Capacity: 100M
 Heap Initial Capacity: 100M
 Heap Max Capacity: 1G
 Pre-touch: Disabled
 Parallel Workers: 4

Heap:
 PSYoungGen      total 29696K, used 512K [0x00000000eab00000, 0x00000000ecc00000, 0x0000000100000000)
  eden space 25600K, 2% used [0x00000000eab00000,0x00000000eab80070,0x00000000ec400000)
  from space 4096K, 0% used [0x00000000ec800000,0x00000000ec800000,0x00000000ecc00000)
  to   space 4096K, 0% used [0x00000000ec400000,0x00000000ec400000,0x00000000ec800000)
 ParOldGen       total 68608K, used 0K [0x00000000c0000000, 0x00000000c4300000, 0x00000000eab00000)
  object space 68608K, 0% used [0x00000000c0000000,0x00000000c0000000,0x00000000c4300000)
 Metaspace       used 1149K, committed 1216K, reserved 1114112K
  class space    used 101K, committed 128K, reserved 1048576K

Card table byte_map: [0x0000015716160000,0x0000015716370000] _byte_map_base: 0x0000015715b60000

Marking Bits: (ParMarkBitMap*) 0x00007ff96682d820
 Begin Bits: [0x0000015728460000, 0x0000015729460000)
 End Bits:   [0x0000015729460000, 0x000001572a460000)

Polling page: 0x0000015714700000

Metaspace:

Usage:
  Non-class:      1.02 MB used.
      Class:    101.05 KB used.
       Both:      1.12 MB used.

Virtual space:
  Non-class space:       64.00 MB reserved,       1.06 MB (  2%) committed,  1 nodes.
      Class space:        1.00 GB reserved,     128.00 KB ( <1%) committed,  1 nodes.
             Both:        1.06 GB reserved,       1.19 MB ( <1%) committed. 

Chunk freelists:
   Non-Class:  12.00 MB
       Class:  15.75 MB
        Both:  27.75 MB

MaxMetaspaceSize: unlimited
CompressedClassSpaceSize: 1.00 GB
Initial GC threshold: 21.00 MB
Current GC threshold: 17179869184.00 GB
CDS: off
MetaspaceReclaimPolicy: balanced
 - commit_granule_bytes: 65536.
 - commit_granule_words: 8192.
 - virtual_space_node_default_size: 8388608.
 - enlarge_chunks_in_place: 1.
 - new_chunks_are_fully_committed: 0.
 - uncommit_free_chunks: 1.
 - use_allocation_guard: 0.
 - handle_deallocations: 1.


Internal statistics:

num_allocs_failed_limit: 0.
num_arena_births: 2.
num_arena_deaths: 0.
num_vsnodes_births: 2.
num_vsnodes_deaths: 0.
num_space_committed: 19.
num_space_uncommitted: 0.
num_chunks_returned_to_freelist: 0.
num_chunks_taken_from_freelist: 3.
num_chunk_merges: 0.
num_chunk_splits: 2.
num_chunks_enlarged: 0.
num_inconsistent_stats: 0.

CodeHeap 'non-profiled nmethods': size=120000Kb used=0Kb max_used=0Kb free=120000Kb
 bounds [0x0000015720f30000, 0x00000157211a0000, 0x0000015728460000]
CodeHeap 'profiled nmethods': size=120000Kb used=0Kb max_used=0Kb free=120000Kb
 bounds [0x0000015719460000, 0x00000157196d0000, 0x0000015720990000]
CodeHeap 'non-nmethods': size=5760Kb used=209Kb max_used=360Kb free=5550Kb
 bounds [0x0000015720990000, 0x0000015720c00000, 0x0000015720f30000]
 total_blobs=66 nmethods=0 adapters=47
 compilation: enabled
              stopped_count=0, restarted_count=0
 full_count=0

Compilation events (0 events):
No events

GC Heap History (0 events):
No events

Dll operation events (1 events):
Event: 0.007 Loaded shared library c:\Users\suraj\.vscode\extensions\redhat.java-1.33.0-win32-x64\jre\17.0.11-win32-x86_64\bin\java.dll

Deoptimization events (0 events):
No events

Classes unloaded (0 events):
No events

Classes redefined (0 events):
No events

Internal exceptions (0 events):
No events

VM Operations (0 events):
No events

Events (20 events):
Event: 0.023 loading class java/lang/Long
Event: 0.023 loading class java/lang/Long done
Event: 0.023 loading class java/util/Iterator
Event: 0.023 loading class java/util/Iterator done
Event: 0.023 loading class java/lang/reflect/RecordComponent
Event: 0.023 loading class java/lang/reflect/RecordComponent done
Event: 0.023 loading class jdk/internal/vm/vector/VectorSupport
Event: 0.023 loading class jdk/internal/vm/vector/VectorSupport done
Event: 0.023 loading class jdk/internal/vm/vector/VectorSupport$VectorPayload
Event: 0.023 loading class jdk/internal/vm/vector/VectorSupport$VectorPayload done
Event: 0.023 loading class jdk/internal/vm/vector/VectorSupport$Vector
Event: 0.023 loading class jdk/internal/vm/vector/VectorSupport$Vector done
Event: 0.023 loading class jdk/internal/vm/vector/VectorSupport$VectorMask
Event: 0.023 loading class jdk/internal/vm/vector/VectorSupport$VectorMask done
Event: 0.023 loading class jdk/internal/vm/vector/VectorSupport$VectorShuffle
Event: 0.023 loading class jdk/internal/vm/vector/VectorSupport$VectorShuffle done
Event: 0.027 loading class java/lang/NullPointerException
Event: 0.027 loading class java/lang/NullPointerException done
Event: 0.027 loading class java/lang/ArithmeticException
Event: 0.027 loading class java/lang/ArithmeticException done


Dynamic libraries:
0x00007ff679da0000 - 0x00007ff679dae000 	c:\Users\suraj\.vscode\extensions\redhat.java-1.33.0-win32-x64\jre\17.0.11-win32-x86_64\bin\java.exe
0x00007ff9fe350000 - 0x00007ff9fe567000 	C:\WINDOWS\SYSTEM32\ntdll.dll
0x00007ff9fc990000 - 0x00007ff9fca54000 	C:\WINDOWS\System32\KERNEL32.DLL
0x00007ff9fb6b0000 - 0x00007ff9fba56000 	C:\WINDOWS\System32\KERNELBASE.dll
0x00007ff9fbb50000 - 0x00007ff9fbc61000 	C:\WINDOWS\System32\ucrtbase.dll
0x00007ff9d8660000 - 0x00007ff9d8677000 	c:\Users\suraj\.vscode\extensions\redhat.java-1.33.0-win32-x64\jre\17.0.11-win32-x86_64\bin\jli.dll
0x00007ff9fcf50000 - 0x00007ff9fd0fe000 	C:\WINDOWS\System32\USER32.dll
0x00007ff9fbc70000 - 0x00007ff9fbc96000 	C:\WINDOWS\System32\win32u.dll
0x00007ff9fc0b0000 - 0x00007ff9fc0d9000 	C:\WINDOWS\System32\GDI32.dll
0x00007ff9fbe10000 - 0x00007ff9fbf28000 	C:\WINDOWS\System32\gdi32full.dll
0x00007ff9fbf30000 - 0x00007ff9fbfca000 	C:\WINDOWS\System32\msvcp_win.dll
0x00007ff9d92a0000 - 0x00007ff9d92bb000 	c:\Users\suraj\.vscode\extensions\redhat.java-1.33.0-win32-x64\jre\17.0.11-win32-x86_64\bin\VCRUNTIME140.dll
0x00007ff9df0c0000 - 0x00007ff9df353000 	C:\WINDOWS\WinSxS\amd64_microsoft.windows.common-controls_6595b64144ccf1df_6.0.22621.2706_none_270c5aa17388e1a2\COMCTL32.dll
0x00007ff9fe250000 - 0x00007ff9fe2f7000 	C:\WINDOWS\System32\msvcrt.dll
0x00007ff9fcc30000 - 0x00007ff9fcc61000 	C:\WINDOWS\System32\IMM32.DLL
0x00007ff9dd250000 - 0x00007ff9dd25c000 	c:\Users\suraj\.vscode\extensions\redhat.java-1.33.0-win32-x64\jre\17.0.11-win32-x86_64\bin\vcruntime140_1.dll
0x00007ff9b35d0000 - 0x00007ff9b365d000 	c:\Users\suraj\.vscode\extensions\redhat.java-1.33.0-win32-x64\jre\17.0.11-win32-x86_64\bin\msvcp140.dll
0x00007ff965c90000 - 0x00007ff9668f2000 	c:\Users\suraj\.vscode\extensions\redhat.java-1.33.0-win32-x64\jre\17.0.11-win32-x86_64\bin\server\jvm.dll
0x00007ff9fcc80000 - 0x00007ff9fcd31000 	C:\WINDOWS\System32\ADVAPI32.dll
0x00007ff9fcd40000 - 0x00007ff9fcde5000 	C:\WINDOWS\System32\sechost.dll
0x00007ff9fc6e0000 - 0x00007ff9fc7f7000 	C:\WINDOWS\System32\RPCRT4.dll
0x00007ff9fb3d0000 - 0x00007ff9fb41d000 	C:\WINDOWS\SYSTEM32\POWRPROF.dll
0x00007ff9dd100000 - 0x00007ff9dd109000 	C:\WINDOWS\SYSTEM32\WSOCK32.dll
0x00007ff9fc800000 - 0x00007ff9fc871000 	C:\WINDOWS\System32\WS2_32.dll
0x00007ff9f1c70000 - 0x00007ff9f1ca4000 	C:\WINDOWS\SYSTEM32\WINMM.dll
0x00007ff9ea960000 - 0x00007ff9ea96a000 	C:\WINDOWS\SYSTEM32\VERSION.dll
0x00007ff9fb3b0000 - 0x00007ff9fb3c3000 	C:\WINDOWS\SYSTEM32\UMPDC.dll
0x00007ff9fa670000 - 0x00007ff9fa688000 	C:\WINDOWS\SYSTEM32\kernel.appcore.dll
0x00007ff9dd050000 - 0x00007ff9dd05a000 	c:\Users\suraj\.vscode\extensions\redhat.java-1.33.0-win32-x64\jre\17.0.11-win32-x86_64\bin\jimage.dll
0x00007ff9f8c30000 - 0x00007ff9f8e63000 	C:\WINDOWS\SYSTEM32\DBGHELP.DLL
0x00007ff9fc1e0000 - 0x00007ff9fc569000 	C:\WINDOWS\System32\combase.dll
0x00007ff9fe0e0000 - 0x00007ff9fe1b7000 	C:\WINDOWS\System32\OLEAUT32.dll
0x00007ff9d8210000 - 0x00007ff9d8242000 	C:\WINDOWS\SYSTEM32\dbgcore.DLL
0x00007ff9fbad0000 - 0x00007ff9fbb4a000 	C:\WINDOWS\System32\bcryptPrimitives.dll
0x00007ff9dc900000 - 0x00007ff9dc90e000 	c:\Users\suraj\.vscode\extensions\redhat.java-1.33.0-win32-x64\jre\17.0.11-win32-x86_64\bin\instrument.dll
0x00007ff9d85a0000 - 0x00007ff9d85c5000 	c:\Users\suraj\.vscode\extensions\redhat.java-1.33.0-win32-x64\jre\17.0.11-win32-x86_64\bin\java.dll
0x00007ff9d7ce0000 - 0x00007ff9d7cf8000 	c:\Users\suraj\.vscode\extensions\redhat.java-1.33.0-win32-x64\jre\17.0.11-win32-x86_64\bin\zip.dll

dbghelp: loaded successfully - version: 4.0.5 - missing functions: none
symbol engine: initialized successfully - sym options: 0x614 - pdb path: .;c:\Users\suraj\.vscode\extensions\redhat.java-1.33.0-win32-x64\jre\17.0.11-win32-x86_64\bin;C:\WINDOWS\SYSTEM32;C:\WINDOWS\WinSxS\amd64_microsoft.windows.common-controls_6595b64144ccf1df_6.0.22621.2706_none_270c5aa17388e1a2;c:\Users\suraj\.vscode\extensions\redhat.java-1.33.0-win32-x64\jre\17.0.11-win32-x86_64\bin\server

VM Arguments:
jvm_args: --add-modules=ALL-SYSTEM --add-opens=java.base/java.util=ALL-UNNAMED --add-opens=java.base/java.lang=ALL-UNNAMED --add-opens=java.base/sun.nio.fs=ALL-UNNAMED -Declipse.application=org.eclipse.jdt.ls.core.id1 -Dosgi.bundles.defaultStartLevel=4 -Declipse.product=org.eclipse.jdt.ls.core.product -Djava.import.generatesMetadataFilesAtProjectRoot=false -DDetectVMInstallationsJob.disabled=true -Dfile.encoding=utf8 -XX:+UseParallelGC -XX:GCTimeRatio=4 -XX:AdaptiveSizePolicyWeight=90 -Dsun.zip.disableMemoryMapping=true -Xmx1G -Xms100m -Xlog:disable -javaagent:c:\Users\suraj\.vscode\extensions\redhat.java-1.33.0-win32-x64\lombok\lombok-1.18.33.jar -XX:+HeapDumpOnOutOfMemoryError -XX:HeapDumpPath=c:\Users\suraj\AppData\Roaming\Code\User\workspaceStorage\916816767e17e6cb089e54ae6aeb80bb\redhat.java -Daether.dependencyCollector.impl=bf 
java_command: c:\Users\suraj\.vscode\extensions\redhat.java-1.33.0-win32-x64\server\plugins\org.eclipse.equinox.launcher_1.6.900.v20240613-2009.jar -configuration c:\Users\suraj\AppData\Roaming\Code\User\globalStorage\redhat.java\1.33.0\config_win -data c:\Users\suraj\AppData\Roaming\Code\User\workspaceStorage\916816767e17e6cb089e54ae6aeb80bb\redhat.java\jdt_ws --pipe=\\.\pipe\lsp-0b9845e819aa2e969327c625916e1c96-sock
java_class_path (initial): c:\Users\suraj\.vscode\extensions\redhat.java-1.33.0-win32-x64\server\plugins\org.eclipse.equinox.launcher_1.6.900.v20240613-2009.jar
Launcher Type: SUN_STANDARD

[Global flags]
    uintx AdaptiveSizePolicyWeight                 = 90                                        {product} {command line}
     intx CICompilerCount                          = 3                                         {product} {ergonomic}
    uintx GCTimeRatio                              = 4                                         {product} {command line}
     bool HeapDumpOnOutOfMemoryError               = true                                   {manageable} {command line}
    ccstr HeapDumpPath                             = c:\Users\suraj\AppData\Roaming\Code\User\workspaceStorage\916816767e17e6cb089e54ae6aeb80bb\redhat.java         {manageable} {command line}
   size_t InitialHeapSize                          = 104857600                                 {product} {command line}
   size_t MaxHeapSize                              = 1073741824                                {product} {command line}
   size_t MaxNewSize                               = 357564416                                 {product} {ergonomic}
   size_t MinHeapDeltaBytes                        = 524288                                    {product} {ergonomic}
   size_t MinHeapSize                              = 104857600                                 {product} {command line}
   size_t NewSize                                  = 34603008                                  {product} {ergonomic}
    uintx NonNMethodCodeHeapSize                   = 5832780                                {pd product} {ergonomic}
    uintx NonProfiledCodeHeapSize                  = 122912730                              {pd product} {ergonomic}
   size_t OldSize                                  = 70254592                                  {product} {ergonomic}
    uintx ProfiledCodeHeapSize                     = 122912730                              {pd product} {ergonomic}
    uintx ReservedCodeCacheSize                    = 251658240                              {pd product} {ergonomic}
     bool SegmentedCodeCache                       = true                                      {product} {ergonomic}
   size_t SoftMaxHeapSize                          = 1073741824                             {manageable} {ergonomic}
     bool UseCompressedClassPointers               = true                           {product lp64_product} {ergonomic}
     bool UseCompressedOops                        = true                           {product lp64_product} {ergonomic}
     bool UseLargePagesIndividualAllocation        = false                                  {pd product} {ergonomic}
     bool UseParallelGC                            = true                                      {product} {command line}

Logging:
Log output configuration:
 #0: stdout all=off uptime,level,tags
 #1: stderr all=off uptime,level,tags

Environment Variables:
JAVA_HOME=C:\Program Files\Java\jdk1.8.0_181
PATH=C:\Program Files (x86)\Common Files\Oracle\Java\java8path;C:\Program Files (x86)\Common Files\Oracle\Java\javapath;C:\WINDOWS\system32;C:\WINDOWS;C:\WINDOWS\System32\Wbem;C:\WINDOWS\System32\WindowsPowerShell\v1.0\;C:\WINDOWS\System32\OpenSSH\;C:\Program Files\dotnet\;C:\Users\suraj\AppData\Local\Programs\Python\Python37-32\Scripts;C:\Users\suraj\AppData\Local\Programs\Python\Python37-32;C:\Users\suraj\AppData\Local\Programs\Python\Python37-32\Lib;C:\Program Files\nodejs\;C:\ProgramData\chocolatey\bin;C:\Program Files\Git\cmd;C:\Program Files\Java\jdk1.8.0_181\bin;C:\BDASoftware\hadoop-2.9.2\hadoop-2.9.2\sbin;C:\Users\suraj\AppData\Local\Programs\Python\Launcher\;C:\Users\suraj\AppData\Local\Programs\Python\Python37-32;C:\Users\suraj\AppData\Local\Programs\Python\Python37-32\Scripts;C:\Users\suraj\AppData\Local\Microsoft\WindowsApps;C:\Users\suraj\AppData\Local\GitHubDesktop\bin;C:\Users\suraj\AppData\Local\Programs\Microsoft VS Code\bin;C:\Program Files\JetBrains\PyCharm Community Edition 2024.1\bin;;C:\Users\suraj\AppData\Local\Programs\Python\Python37-32\Lib;C:\Users\suraj\AppData\Roaming\npm;C:\Program Files\Java\jdk-11\bin;C:\Users\suraj\Downloads\pig-0.17.0\pig-0.17.0\bin;
USERNAME=suraj
OS=Windows_NT
PROCESSOR_IDENTIFIER=Intel64 Family 6 Model 140 Stepping 1, GenuineIntel
TMP=C:\Users\suraj\AppData\Local\Temp
TEMP=C:\Users\suraj\AppData\Local\Temp



Periodic native trim disabled


---------------  S Y S T E M  ---------------

OS:
 Windows 11 , 64 bit Build 22621 (10.0.22621.2841)
OS uptime: 3 days 18:17 hours
Hyper-V role detected

CPU: total 4 (initial active 4) (2 cores per cpu, 2 threads per core) family 6 model 140 stepping 1 microcode 0xaa, cx8, cmov, fxsr, ht, mmx, 3dnowpref, sse, sse2, sse3, ssse3, sse4.1, sse4.2, popcnt, lzcnt, tsc, tscinvbit, avx, avx2, aes, erms, clmul, bmi1, bmi2, adx, avx512f, avx512dq, avx512cd, avx512bw, avx512vl, sha, fma, vzeroupper, avx512_vpopcntdq, avx512_vpclmulqdq, avx512_vaes, avx512_vnni, clflush, clflushopt, clwb, avx512_vbmi2, avx512_vbmi, hv
Processor Information for processor 0
  Max Mhz: 2995, Current Mhz: 2995, Mhz Limit: 2995
Processor Information for processor 1
  Max Mhz: 2995, Current Mhz: 1198, Mhz Limit: 2995
Processor Information for processor 2
  Max Mhz: 2995, Current Mhz: 2995, Mhz Limit: 2995
Processor Information for processor 3
  Max Mhz: 2995, Current Mhz: 2995, Mhz Limit: 2995

Memory: 4k page, system-wide physical 7975M (459M free)
TotalPageFile size 16167M (AvailPageFile size 3M)
current process WorkingSet (physical memory assigned to process): 16M, peak: 16M
current process commit charge ("private bytes"): 152M, peak: 153M

vm_info: OpenJDK 64-Bit Server VM (17.0.11+9) for windows-amd64 JRE (17.0.11+9), built on Apr 17 2024 06:07:48 by "admin" with MS VC++ 16.10 / 16.11 (VS2019)

END.
